<?xml version="1.0" encoding="UTF-8"?>
<testsuite xmlns:xsi="http://www.w3.org/2001/XMLSchema-instance" xsi:noNamespaceSchemaLocation="https://maven.apache.org/surefire/maven-surefire-plugin/xsd/surefire-test-report-3.0.xsd" version="3.0" name="com.restaurant.ros.MainVerticleTest" time="1.115" tests="1" errors="0" skipped="0" failures="0">
  <properties>
[...]
</properties>
  <testcase name="testCreateOrder(Vertx, VertxTestContext)" classname="com.restaurant.ros.MainVerticleTest" time="1.112">
    <system-out><![CDATA[15:43:42.821 [main] DEBUG io.vertx.core.internal.logging.LoggerFactory -- Using io.vertx.core.logging.SLF4JLogDelegateFactory
15:43:42.927 [main] DEBUG io.netty.channel.MultithreadEventLoopGroup -- -Dio.netty.eventLoopThreads: 8
15:43:42.930 [main] DEBUG io.netty.channel.nio.NioIoHandler -- -Dio.netty.noKeySetOptimization: false
15:43:42.930 [main] DEBUG io.netty.channel.nio.NioIoHandler -- -Dio.netty.selectorAutoRebuildThreshold: 512
15:43:42.938 [main] DEBUG io.netty.util.concurrent.GlobalEventExecutor -- -Dio.netty.globalEventExecutor.quietPeriodSeconds: 1
15:43:42.974 [main] DEBUG io.netty.resolver.dns.DefaultDnsServerAddressStreamProvider -- Default DNS servers: [/192.168.0.1:53] (sun.net.dns.ResolverConfiguration)
15:43:42.989 [main] DEBUG io.netty.util.NetUtil -- -Djava.net.preferIPv4Stack: false
15:43:42.989 [main] DEBUG io.netty.util.NetUtil -- -Djava.net.preferIPv6Addresses: false
15:43:42.991 [main] DEBUG io.netty.util.NetUtilInitializations -- Loopback interface: lo (lo, 0:0:0:0:0:0:0:1%lo)
15:43:42.992 [main] DEBUG io.netty.util.NetUtil -- /proc/sys/net/core/somaxconn: 4096
15:43:42.993 [main] DEBUG io.netty.resolver.dns.DnsNameResolver -- Default ResolvedAddressTypes: IPV4_ONLY
15:43:42.993 [main] DEBUG io.netty.resolver.dns.DnsNameResolver -- Localhost address: localhost/127.0.0.1
15:43:42.993 [main] DEBUG io.netty.resolver.dns.DnsNameResolver -- Windows hostname: null
15:43:42.994 [main] DEBUG io.netty.resolver.dns.DnsNameResolver -- Default search domains: []
15:43:42.995 [main] DEBUG io.netty.resolver.dns.DnsNameResolver -- Default UnixResolverOptions{ndots=1, timeout=5, attempts=16}
15:43:43.002 [main] DEBUG io.netty.resolver.DefaultHostsFileEntriesResolver -- -Dio.netty.hostsFileRefreshInterval: 0
15:43:43.456 [vert.x-eventloop-thread-0] DEBUG io.netty.channel.DefaultChannelId -- -Dio.netty.processId: 4845 (auto-detected)
15:43:43.457 [vert.x-eventloop-thread-0] DEBUG io.netty.channel.DefaultChannelId -- -Dio.netty.machineId: 66:6d:87:ff:fe:aa:c3:ea (auto-detected)
15:43:43.473 [vert.x-eventloop-thread-0] DEBUG io.netty.bootstrap.ChannelInitializerExtensions -- -Dio.netty.bootstrap.extensions: null
Deployed KitchenVerticle with Virtual Threads: cf4b7834-a8ad-4c86-b938-7887509c824a
HTTP server started on port 8080
15:43:43.508 [main] DEBUG io.netty.util.internal.PlatformDependent -- org.jctools-core.MpscChunkedArrayQueue: available
15:43:43.705 [vert.x-eventloop-thread-2] DEBUG io.netty.util.Recycler -- -Dio.netty.recycler.maxCapacityPerThread: 4096
15:43:43.706 [vert.x-eventloop-thread-2] DEBUG io.netty.util.Recycler -- -Dio.netty.recycler.ratio: 8
15:43:43.706 [vert.x-eventloop-thread-2] DEBUG io.netty.util.Recycler -- -Dio.netty.recycler.chunkSize: 32
15:43:43.706 [vert.x-eventloop-thread-2] DEBUG io.netty.util.Recycler -- -Dio.netty.recycler.blocking: false
15:43:43.706 [vert.x-eventloop-thread-2] DEBUG io.netty.util.Recycler -- -Dio.netty.recycler.batchFastThreadLocalOnly: true
15:43:43.724 [vert.x-eventloop-thread-0] DEBUG io.netty.handler.codec.compression.ZlibCodecFactory -- -Dio.netty.noJdkZlibDecoder: false
15:43:43.725 [vert.x-eventloop-thread-0] DEBUG io.netty.handler.codec.compression.ZlibCodecFactory -- -Dio.netty.noJdkZlibEncoder: false
Kitchen received order: 4507fdb6-5985-4efd-bb16-e3f92c41f1a4
]]></system-out>
    <system-err><![CDATA[Failed to create backup: While mkdir: rocksdb_backups/2026-02-16.tmp: No such file or directory
]]></system-err>
  </testcase>
</testsuite>