<?xml version="1.0" encoding="UTF-8"?>
<testsuite xmlns:xsi="http://www.w3.org/2001/XMLSchema-instance" xsi:noNamespaceSchemaLocation="https://maven.apache.org/surefire/maven-surefire-plugin/xsd/surefire-test-report-3.0.xsd" version="3.0" name="com.restaurant.ros.MainVerticleTest" time="1.41" tests="1" errors="0" skipped="0" failures="0">
  <properties>
[...]
</properties>
  <testcase name="testInvalidJsonOrder(Vertx, VertxTestContext)" classname="com.restaurant.ros.MainVerticleTest" time="1.383">
    <system-out><![CDATA[14:51:13.386 [main] DEBUG io.vertx.core.internal.logging.LoggerFactory -- Using io.vertx.core.logging.SLF4JLogDelegateFactory
14:51:13.447 [main] DEBUG io.netty.util.internal.logging.InternalLoggerFactory -- Using SLF4J as the default logging framework
14:51:13.450 [main] DEBUG io.netty.util.internal.PlatformDependent0 -- -Dio.netty.noUnsafe: false
14:51:13.450 [main] DEBUG io.netty.util.internal.PlatformDependent0 -- Java version: 21
14:51:13.452 [main] DEBUG io.netty.util.internal.PlatformDependent0 -- sun.misc.Unsafe.theUnsafe: available
14:51:13.453 [main] DEBUG io.netty.util.internal.PlatformDependent0 -- sun.misc.Unsafe base methods: all available
14:51:13.453 [main] DEBUG io.netty.util.internal.PlatformDependent0 -- java.nio.Buffer.address: available
14:51:13.454 [main] DEBUG io.netty.util.internal.PlatformDependent0 -- direct buffer constructor: unavailable: Reflective setAccessible(true) disabled
14:51:13.455 [main] DEBUG io.netty.util.internal.PlatformDependent0 -- java.nio.Bits.unaligned: available, true
14:51:13.455 [main] DEBUG io.netty.util.internal.PlatformDependent0 -- jdk.internal.misc.Unsafe.allocateUninitializedArray(int): unavailable: symbolic reference class is not accessible: class jdk.internal.misc.Unsafe, from class io.netty.util.internal.PlatformDependent0 (unnamed module @38bc8ab5)
14:51:13.456 [main] DEBUG io.netty.util.internal.PlatformDependent0 -- java.nio.DirectByteBuffer.<init>(long, {int,long}): unavailable
14:51:13.456 [main] DEBUG io.netty.util.internal.PlatformDependent -- sun.misc.Unsafe: available
14:51:13.456 [main] DEBUG io.netty.util.internal.PlatformDependent -- -Dio.netty.tmpdir: /tmp (java.io.tmpdir)
14:51:13.456 [main] DEBUG io.netty.util.internal.PlatformDependent -- -Dio.netty.bitMode: 64 (sun.arch.data.model)
14:51:13.457 [main] DEBUG io.netty.util.internal.PlatformDependent -- -Dio.netty.maxDirectMemory: -1 bytes
14:51:13.459 [main] DEBUG io.netty.util.internal.CleanerJava9 -- java.nio.ByteBuffer.cleaner(): available
14:51:13.459 [main] DEBUG io.netty.util.internal.PlatformDependent -- -Dio.netty.noPreferDirect: false
14:51:13.525 [main] DEBUG io.netty.util.ResourceLeakDetector -- -Dio.netty.leakDetection.level: simple
14:51:13.525 [main] DEBUG io.netty.util.ResourceLeakDetector -- -Dio.netty.leakDetection.targetRecords: 4
14:51:13.550 [main] DEBUG io.netty.channel.MultithreadEventLoopGroup -- -Dio.netty.eventLoopThreads: 8
14:51:13.552 [main] DEBUG io.netty.channel.nio.NioIoHandler -- -Dio.netty.noKeySetOptimization: false
14:51:13.552 [main] DEBUG io.netty.channel.nio.NioIoHandler -- -Dio.netty.selectorAutoRebuildThreshold: 512
14:51:13.561 [main] DEBUG io.netty.util.concurrent.GlobalEventExecutor -- -Dio.netty.globalEventExecutor.quietPeriodSeconds: 1
14:51:13.568 [main] DEBUG io.netty.util.internal.InternalThreadLocalMap -- -Dio.netty.threadLocalMap.stringBuilder.initialSize: 1024
14:51:13.568 [main] DEBUG io.netty.util.internal.InternalThreadLocalMap -- -Dio.netty.threadLocalMap.stringBuilder.maxSize: 4096
14:51:13.618 [main] DEBUG io.netty.resolver.dns.DefaultDnsServerAddressStreamProvider -- Default DNS servers: [/192.168.0.1:53] (sun.net.dns.ResolverConfiguration)
14:51:13.635 [main] DEBUG io.netty.util.NetUtil -- -Djava.net.preferIPv4Stack: false
14:51:13.635 [main] DEBUG io.netty.util.NetUtil -- -Djava.net.preferIPv6Addresses: false
14:51:13.638 [main] DEBUG io.netty.util.NetUtilInitializations -- Loopback interface: lo (lo, 0:0:0:0:0:0:0:1%lo)
14:51:13.638 [main] DEBUG io.netty.util.NetUtil -- /proc/sys/net/core/somaxconn: 4096
14:51:13.639 [main] DEBUG io.netty.resolver.dns.DnsNameResolver -- Default ResolvedAddressTypes: IPV4_ONLY
14:51:13.639 [main] DEBUG io.netty.resolver.dns.DnsNameResolver -- Localhost address: localhost/127.0.0.1
14:51:13.639 [main] DEBUG io.netty.resolver.dns.DnsNameResolver -- Windows hostname: null
14:51:13.641 [main] DEBUG io.netty.resolver.dns.DnsNameResolver -- Default search domains: []
14:51:13.641 [main] DEBUG io.netty.resolver.dns.DnsNameResolver -- Default UnixResolverOptions{ndots=1, timeout=5, attempts=16}
14:51:13.650 [main] DEBUG io.netty.resolver.DefaultHostsFileEntriesResolver -- -Dio.netty.hostsFileRefreshInterval: 0
14:51:14.222 [vert.x-eventloop-thread-1] DEBUG io.netty.buffer.AdaptiveByteBufAllocator -- -Dio.netty.allocator.useCachedMagazinesForNonEventLoopThreads: false
14:51:14.235 [vert.x-eventloop-thread-1] DEBUG io.netty.buffer.ByteBufUtil -- -Dio.netty.allocator.type: adaptive
14:51:14.236 [vert.x-eventloop-thread-1] DEBUG io.netty.buffer.ByteBufUtil -- -Dio.netty.threadLocalDirectBufferSize: 0
14:51:14.236 [vert.x-eventloop-thread-1] DEBUG io.netty.buffer.ByteBufUtil -- -Dio.netty.maxThreadLocalCharBufferSize: 16384
14:51:14.252 [vert.x-eventloop-thread-1] DEBUG io.netty.channel.DefaultChannelId -- -Dio.netty.processId: 3410 (auto-detected)
14:51:14.253 [vert.x-eventloop-thread-1] DEBUG io.netty.channel.DefaultChannelId -- -Dio.netty.machineId: f6:b5:2c:ff:fe:b8:04:33 (auto-detected)
14:51:14.269 [vert.x-eventloop-thread-1] DEBUG io.netty.bootstrap.ChannelInitializerExtensions -- -Dio.netty.bootstrap.extensions: null
Deployed KitchenVerticle with Virtual Threads: 0a61289c-9e0e-4e9e-a8de-f80feddab067
HTTP server started on port 8080
14:51:14.293 [main] DEBUG io.netty.util.internal.PlatformDependent -- org.jctools-core.MpscChunkedArrayQueue: available
14:51:14.388 [vert.x-eventloop-thread-3] DEBUG io.netty.buffer.AbstractByteBuf -- -Dio.netty.buffer.checkAccessible: true
14:51:14.388 [vert.x-eventloop-thread-3] DEBUG io.netty.buffer.AbstractByteBuf -- -Dio.netty.buffer.checkBounds: true
14:51:14.389 [vert.x-eventloop-thread-3] DEBUG io.netty.util.ResourceLeakDetectorFactory -- Loaded default ResourceLeakDetector: io.netty.util.ResourceLeakDetector@72b6bb17
14:51:14.436 [vert.x-eventloop-thread-3] DEBUG io.netty.util.Recycler -- -Dio.netty.recycler.maxCapacityPerThread: 4096
14:51:14.436 [vert.x-eventloop-thread-3] DEBUG io.netty.util.Recycler -- -Dio.netty.recycler.ratio: 8
14:51:14.436 [vert.x-eventloop-thread-3] DEBUG io.netty.util.Recycler -- -Dio.netty.recycler.chunkSize: 32
14:51:14.436 [vert.x-eventloop-thread-3] DEBUG io.netty.util.Recycler -- -Dio.netty.recycler.blocking: false
14:51:14.436 [vert.x-eventloop-thread-3] DEBUG io.netty.util.Recycler -- -Dio.netty.recycler.batchFastThreadLocalOnly: true
14:51:14.457 [vert.x-eventloop-thread-1] DEBUG io.netty.handler.codec.compression.ZlibCodecFactory -- -Dio.netty.noJdkZlibDecoder: false
14:51:14.457 [vert.x-eventloop-thread-1] DEBUG io.netty.handler.codec.compression.ZlibCodecFactory -- -Dio.netty.noJdkZlibEncoder: false
]]></system-out>
    <system-err><![CDATA[Failed to create backup: While mkdir: rocksdb_backups/2026-03-11.tmp: No such file or directory
io.vertx.core.json.DecodeException: Failed to decode:Unexpected end-of-input within/between Object entries
 at [Source: REDACTED (`StreamReadFeature.INCLUDE_SOURCE_IN_LOCATION` disabled); line: 1, column: 31]
	at io.vertx.core.json.jackson.DatabindCodec.fromParser(DatabindCodec.java:115)
	at io.vertx.core.json.jackson.DatabindCodec.fromBuffer(DatabindCodec.java:85)
	at io.vertx.core.json.Json.decodeValue(Json.java:117)
	at io.vertx.ext.web.impl.RequestBodyImpl.asPojo(RequestBodyImpl.java:126)
	at io.vertx.ext.web.RequestBody.asPojo(RequestBody.java:115)
	at com.restaurant.ros.MainVerticle.lambda$start$6(MainVerticle.java:53)
	at io.vertx.ext.web.impl.RouteState.handleContext(RouteState.java:1343)
	at io.vertx.ext.web.impl.RoutingContextImplBase.iterateNext(RoutingContextImplBase.java:196)
	at io.vertx.ext.web.impl.RoutingContextImpl.next(RoutingContextImpl.java:150)
	at io.vertx.ext.web.handler.impl.BodyHandlerImpl$BHandler.doEnd(BodyHandlerImpl.java:365)
	at io.vertx.ext.web.handler.impl.BodyHandlerImpl$BHandler.end(BodyHandlerImpl.java:342)
	at io.vertx.core.internal.ContextInternal.dispatch(ContextInternal.java:244)
	at io.vertx.core.internal.ContextInternal.dispatch(ContextInternal.java:226)
	at io.vertx.core.http.impl.HttpEventHandler.handleEnd(HttpEventHandler.java:76)
	at io.vertx.core.http.impl.Http1xServerRequest.onEnd(Http1xServerRequest.java:561)
	at io.vertx.core.http.impl.Http1xServerRequest$1.handleMessage(Http1xServerRequest.java:99)
	at io.vertx.core.internal.concurrent.InboundMessageQueue.test(InboundMessageQueue.java:78)
	at io.vertx.core.streams.impl.InboundReadQueue.drain(InboundReadQueue.java:251)
	at io.vertx.core.streams.impl.InboundReadQueue.drain(InboundReadQueue.java:225)
	at io.vertx.core.internal.concurrent.InboundMessageQueue.drainInternal(InboundMessageQueue.java:169)
	at io.vertx.core.internal.concurrent.InboundMessageQueue.drain(InboundMessageQueue.java:149)
	at io.vertx.core.http.impl.Http1xServerRequest.handleEnd(Http1xServerRequest.java:148)
	at io.vertx.core.http.impl.Http1xServerConnection.onEnd(Http1xServerConnection.java:195)
	at io.vertx.core.http.impl.Http1xServerConnection.onContent(Http1xServerConnection.java:186)
	at io.vertx.core.http.impl.Http1xServerConnection.handleOther(Http1xServerConnection.java:171)
	at io.vertx.core.http.impl.Http1xServerConnection.handleMessage(Http1xServerConnection.java:164)
	at io.vertx.core.net.impl.VertxConnection.read(VertxConnection.java:240)
	at io.vertx.core.net.impl.VertxHandler.channelRead(VertxHandler.java:148)
	at io.netty.channel.AbstractChannelHandlerContext.invokeChannelRead(AbstractChannelHandlerContext.java:442)
	at io.netty.channel.AbstractChannelHandlerContext.invokeChannelRead(AbstractChannelHandlerContext.java:420)
	at io.netty.channel.AbstractChannelHandlerContext.fireChannelRead(AbstractChannelHandlerContext.java:412)
	at io.netty.channel.ChannelInboundHandlerAdapter.channelRead(ChannelInboundHandlerAdapter.java:93)
	at io.netty.handler.codec.http.websocketx.extensions.WebSocketServerExtensionHandler.channelRead(WebSocketServerExtensionHandler.java:87)
	at io.netty.channel.AbstractChannelHandlerContext.invokeChannelRead(AbstractChannelHandlerContext.java:442)
	at io.netty.channel.AbstractChannelHandlerContext.invokeChannelRead(AbstractChannelHandlerContext.java:420)
	at io.netty.channel.AbstractChannelHandlerContext.fireChannelRead(AbstractChannelHandlerContext.java:412)
	at io.netty.handler.codec.ByteToMessageDecoder.fireChannelRead(ByteToMessageDecoder.java:346)
	at io.netty.handler.codec.ByteToMessageDecoder.channelRead(ByteToMessageDecoder.java:318)
	at io.netty.channel.AbstractChannelHandlerContext.invokeChannelRead(AbstractChannelHandlerContext.java:444)
	at io.netty.channel.AbstractChannelHandlerContext.invokeChannelRead(AbstractChannelHandlerContext.java:420)
	at io.netty.channel.AbstractChannelHandlerContext.fireChannelRead(AbstractChannelHandlerContext.java:412)
	at io.vertx.core.http.impl.Http1xOrH2CHandler.end(Http1xOrH2CHandler.java:61)
	at io.vertx.core.http.impl.Http1xOrH2CHandler.channelRead(Http1xOrH2CHandler.java:38)
	at io.netty.channel.AbstractChannelHandlerContext.invokeChannelRead(AbstractChannelHandlerContext.java:444)
	at io.netty.channel.AbstractChannelHandlerContext.invokeChannelRead(AbstractChannelHandlerContext.java:420)
	at io.netty.channel.AbstractChannelHandlerContext.fireChannelRead(AbstractChannelHandlerContext.java:412)
	at io.netty.channel.DefaultChannelPipeline$HeadContext.channelRead(DefaultChannelPipeline.java:1357)
	at io.netty.channel.AbstractChannelHandlerContext.invokeChannelRead(AbstractChannelHandlerContext.java:440)
	at io.netty.channel.AbstractChannelHandlerContext.invokeChannelRead(AbstractChannelHandlerContext.java:420)
	at io.netty.channel.DefaultChannelPipeline.fireChannelRead(DefaultChannelPipeline.java:868)
	at io.netty.channel.nio.AbstractNioByteChannel$NioByteUnsafe.read(AbstractNioByteChannel.java:166)
	at io.netty.channel.nio.AbstractNioChannel$AbstractNioUnsafe.handle(AbstractNioChannel.java:444)
	at io.netty.channel.nio.NioIoHandler$DefaultNioRegistration.handle(NioIoHandler.java:386)
	at io.netty.channel.nio.NioIoHandler.processSelectedKey(NioIoHandler.java:585)
	at io.netty.channel.nio.NioIoHandler.processSelectedKeysOptimized(NioIoHandler.java:560)
	at io.netty.channel.nio.NioIoHandler.processSelectedKeys(NioIoHandler.java:501)
	at io.netty.channel.nio.NioIoHandler.run(NioIoHandler.java:478)
	at io.netty.channel.SingleThreadIoEventLoop.runIo(SingleThreadIoEventLoop.java:184)
	at io.netty.channel.SingleThreadIoEventLoop.run(SingleThreadIoEventLoop.java:156)
	at io.netty.util.concurrent.SingleThreadEventExecutor$5.run(SingleThreadEventExecutor.java:1123)
	at io.netty.util.internal.ThreadExecutorMap$2.run(ThreadExecutorMap.java:74)
	at io.netty.util.concurrent.FastThreadLocalRunnable.run(FastThreadLocalRunnable.java:30)
	at java.base/java.lang.Thread.run(Thread.java:1583)
Caused by: com.fasterxml.jackson.core.io.JsonEOFException: Unexpected end-of-input within/between Object entries
 at [Source: REDACTED (`StreamReadFeature.INCLUDE_SOURCE_IN_LOCATION` disabled); line: 1, column: 31]
	at com.fasterxml.jackson.core.base.ParserMinimalBase._reportInvalidEOF(ParserMinimalBase.java:699)
	at com.fasterxml.jackson.core.json.UTF8StreamJsonParser._skipColon2(UTF8StreamJsonParser.java:3270)
	at com.fasterxml.jackson.core.json.UTF8StreamJsonParser._skipColon(UTF8StreamJsonParser.java:3185)
	at com.fasterxml.jackson.core.json.UTF8StreamJsonParser.nextToken(UTF8StreamJsonParser.java:805)
	at com.fasterxml.jackson.databind.deser.BeanDeserializer._deserializeUsingPropertyBased(BeanDeserializer.java:432)
	at com.fasterxml.jackson.databind.deser.BeanDeserializerBase.deserializeFromObjectUsingNonDefault(BeanDeserializerBase.java:1497)
	at com.fasterxml.jackson.databind.deser.BeanDeserializer.deserializeFromObject(BeanDeserializer.java:348)
	at com.fasterxml.jackson.databind.deser.BeanDeserializer.deserialize(BeanDeserializer.java:185)
	at com.fasterxml.jackson.databind.deser.DefaultDeserializationContext.readRootValue(DefaultDeserializationContext.java:342)
	at com.fasterxml.jackson.databind.ObjectMapper._readValue(ObjectMapper.java:4893)
	at com.fasterxml.jackson.databind.ObjectMapper.readValue(ObjectMapper.java:3036)
	at io.vertx.core.json.jackson.DatabindCodec.fromParser(DatabindCodec.java:112)
	... 62 more
]]></system-err>
  </testcase>
</testsuite>